<?xml version="1.0" encoding="UTF-8" ?>
<testsuite failures="0" time="0.719" errors="0" skipped="0" tests="0" name="TestSuite">
  <properties>
    <property name="java.runtime.name" value="Java(TM) SE Runtime Environment"/>
    <property name="sun.boot.library.path" value="c:\Arquivos de programas\Java\jdk1.6.0_22\jre\bin"/>
    <property name="java.vm.version" value="17.1-b03"/>
    <property name="java.vm.vendor" value="Sun Microsystems Inc."/>
    <property name="java.vendor.url" value="http://java.sun.com/"/>
    <property name="path.separator" value=";"/>
    <property name="java.vm.name" value="Java HotSpot(TM) Client VM"/>
    <property name="file.encoding.pkg" value="sun.io"/>
    <property name="user.country" value="BR"/>
    <property name="sun.java.launcher" value="SUN_STANDARD"/>
    <property name="sun.os.patch.level" value="Service Pack 3"/>
    <property name="java.vm.specification.name" value="Java Virtual Machine Specification"/>
    <property name="user.dir" value="c:\Documents and Settings\victor\projetos\delphos"/>
    <property name="java.runtime.version" value="1.6.0_22-b04"/>
    <property name="java.awt.graphicsenv" value="sun.awt.Win32GraphicsEnvironment"/>
    <property name="basedir" value="c:\Documents and Settings\victor\projetos\delphos"/>
    <property name="java.endorsed.dirs" value="c:\Arquivos de programas\Java\jdk1.6.0_22\jre\lib\endorsed"/>
    <property name="os.arch" value="x86"/>
    <property name="surefire.real.class.path" value="C:\DOCUME~1\victor\CONFIG~1\Temp\surefirebooter4025055248716809911.jar"/>
    <property name="java.io.tmpdir" value="C:\DOCUME~1\victor\CONFIG~1\Temp\"/>
    <property name="line.separator" value="
"/>
    <property name="java.vm.specification.vendor" value="Sun Microsystems Inc."/>
    <property name="user.variant" value=""/>
    <property name="os.name" value="Windows XP"/>
    <property name="sun.jnu.encoding" value="Cp1252"/>
    <property name="java.library.path" value="c:\Arquivos de programas\Java\jdk1.6.0_22\jre\bin;.;C:\WINDOWS\Sun\Java\bin;C:\WINDOWS\system32;C:\WINDOWS;c:\Documents and Settings\victor\bin;.;C:\Arquivos de programas\Git\local\bin;C:\Arquivos de programas\Git\mingw\bin;C:\Arquivos de programas\Git\bin;c:\WINDOWS\system32;c:\WINDOWS;c:\WINDOWS\System32\Wbem;c:\Arquivos de programas\Arquivos comuns\DivX Shared\;c:\wget;c:\Arquivos de programas\IVT Corporation\BlueSoleil\Mobile;c:\apache-maven-2.2.1\bin;c:\Arquivos de programas\TortoiseGit\bin"/>
    <property name="surefire.test.class.path" value="c:\Documents and Settings\victor\projetos\delphos\target\test-classes;c:\Documents and Settings\victor\projetos\delphos\target\classes;C:\Documents and Settings\victor\.m2\repository\javax\servlet\servlet-api\2.5\servlet-api-2.5.jar;C:\Documents and Settings\victor\.m2\repository\org\apache\wicket\wicket\1.4.6\wicket-1.4.6.jar;C:\Documents and Settings\victor\.m2\repository\org\slf4j\slf4j-api\1.5.8\slf4j-api-1.5.8.jar;C:\Documents and Settings\victor\.m2\repository\org\apache\wicket\wicket-guice\1.4.6\wicket-guice-1.4.6.jar;C:\Documents and Settings\victor\.m2\repository\org\apache\wicket\wicket-ioc\1.4.6\wicket-ioc-1.4.6.jar;C:\Documents and Settings\victor\.m2\repository\cglib\cglib-nodep\2.1_3\cglib-nodep-2.1_3.jar;C:\Documents and Settings\victor\.m2\repository\com\google\inject\guice\2.0\guice-2.0.jar;C:\Documents and Settings\victor\.m2\repository\aopalliance\aopalliance\1.0\aopalliance-1.0.jar;C:\Documents and Settings\victor\.m2\repository\org\slf4j\slf4j-jdk14\1.4.2\slf4j-jdk14-1.4.2.jar;C:\Documents and Settings\victor\.m2\repository\com\google\inject\extensions\guice-servlet\2.0\guice-servlet-2.0.jar;C:\Documents and Settings\victor\.m2\repository\com\google\appengine\appengine-api-1.0-sdk\1.3.1\appengine-api-1.0-sdk-1.3.1.jar;C:\Documents and Settings\victor\.m2\repository\com\google\appengine\appengine-api-labs\1.3.1\appengine-api-labs-1.3.1.jar;C:\Documents and Settings\victor\.m2\repository\com\google\appengine\appengine-api-stubs\1.3.1\appengine-api-stubs-1.3.1.jar;C:\Documents and Settings\victor\.m2\repository\com\google\appengine\orm\datanucleus-appengine\1.0.5\datanucleus-appengine-1.0.5.jar;C:\Documents and Settings\victor\.m2\repository\com\google\appengine\appengine-testing\1.3.1\appengine-testing-1.3.1.jar;C:\Documents and Settings\victor\.m2\repository\javax\jdo\jdo2-api\2.3-eb\jdo2-api-2.3-eb.jar;C:\Documents and Settings\victor\.m2\repository\org\apache\geronimo\specs\geronimo-jta_1.1_spec\1.1.1\geronimo-jta_1.1_spec-1.1.1.jar;C:\Documents and Settings\victor\.m2\repository\org\apache\geronimo\specs\geronimo-jpa_3.0_spec\1.1.1\geronimo-jpa_3.0_spec-1.1.1.jar;C:\Documents and Settings\victor\.m2\repository\org\datanucleus\datanucleus-core\1.1.5\datanucleus-core-1.1.5.jar;C:\Documents and Settings\victor\.m2\repository\org\datanucleus\datanucleus-jpa\1.1.5\datanucleus-jpa-1.1.5.jar;C:\Documents and Settings\victor\.m2\repository\org\testng\testng\5.8\testng-5.8-jdk15.jar;C:\Documents and Settings\victor\.m2\repository\junit\junit\4.0\junit-4.0.jar;"/>
    <property name="java.specification.name" value="Java Platform API Specification"/>
    <property name="java.class.version" value="50.0"/>
    <property name="sun.management.compiler" value="HotSpot Client Compiler"/>
    <property name="os.version" value="5.1"/>
    <property name="user.home" value="C:\Documents and Settings\victor"/>
    <property name="user.timezone" value="America/Sao_Paulo"/>
    <property name="java.awt.printerjob" value="sun.awt.windows.WPrinterJob"/>
    <property name="java.specification.version" value="1.6"/>
    <property name="file.encoding" value="Cp1252"/>
    <property name="user.name" value="victor"/>
    <property name="java.class.path" value="c:\Documents and Settings\victor\projetos\delphos\target\test-classes;c:\Documents and Settings\victor\projetos\delphos\target\classes;C:\Documents and Settings\victor\.m2\repository\javax\servlet\servlet-api\2.5\servlet-api-2.5.jar;C:\Documents and Settings\victor\.m2\repository\org\apache\wicket\wicket\1.4.6\wicket-1.4.6.jar;C:\Documents and Settings\victor\.m2\repository\org\slf4j\slf4j-api\1.5.8\slf4j-api-1.5.8.jar;C:\Documents and Settings\victor\.m2\repository\org\apache\wicket\wicket-guice\1.4.6\wicket-guice-1.4.6.jar;C:\Documents and Settings\victor\.m2\repository\org\apache\wicket\wicket-ioc\1.4.6\wicket-ioc-1.4.6.jar;C:\Documents and Settings\victor\.m2\repository\cglib\cglib-nodep\2.1_3\cglib-nodep-2.1_3.jar;C:\Documents and Settings\victor\.m2\repository\com\google\inject\guice\2.0\guice-2.0.jar;C:\Documents and Settings\victor\.m2\repository\aopalliance\aopalliance\1.0\aopalliance-1.0.jar;C:\Documents and Settings\victor\.m2\repository\org\slf4j\slf4j-jdk14\1.4.2\slf4j-jdk14-1.4.2.jar;C:\Documents and Settings\victor\.m2\repository\com\google\inject\extensions\guice-servlet\2.0\guice-servlet-2.0.jar;C:\Documents and Settings\victor\.m2\repository\com\google\appengine\appengine-api-1.0-sdk\1.3.1\appengine-api-1.0-sdk-1.3.1.jar;C:\Documents and Settings\victor\.m2\repository\com\google\appengine\appengine-api-labs\1.3.1\appengine-api-labs-1.3.1.jar;C:\Documents and Settings\victor\.m2\repository\com\google\appengine\appengine-api-stubs\1.3.1\appengine-api-stubs-1.3.1.jar;C:\Documents and Settings\victor\.m2\repository\com\google\appengine\orm\datanucleus-appengine\1.0.5\datanucleus-appengine-1.0.5.jar;C:\Documents and Settings\victor\.m2\repository\com\google\appengine\appengine-testing\1.3.1\appengine-testing-1.3.1.jar;C:\Documents and Settings\victor\.m2\repository\javax\jdo\jdo2-api\2.3-eb\jdo2-api-2.3-eb.jar;C:\Documents and Settings\victor\.m2\repository\org\apache\geronimo\specs\geronimo-jta_1.1_spec\1.1.1\geronimo-jta_1.1_spec-1.1.1.jar;C:\Documents and Settings\victor\.m2\repository\org\apache\geronimo\specs\geronimo-jpa_3.0_spec\1.1.1\geronimo-jpa_3.0_spec-1.1.1.jar;C:\Documents and Settings\victor\.m2\repository\org\datanucleus\datanucleus-core\1.1.5\datanucleus-core-1.1.5.jar;C:\Documents and Settings\victor\.m2\repository\org\datanucleus\datanucleus-jpa\1.1.5\datanucleus-jpa-1.1.5.jar;C:\Documents and Settings\victor\.m2\repository\org\testng\testng\5.8\testng-5.8-jdk15.jar;C:\Documents and Settings\victor\.m2\repository\junit\junit\4.0\junit-4.0.jar;"/>
    <property name="java.vm.specification.version" value="1.0"/>
    <property name="sun.arch.data.model" value="32"/>
    <property name="java.home" value="c:\Arquivos de programas\Java\jdk1.6.0_22\jre"/>
    <property name="java.specification.vendor" value="Sun Microsystems Inc."/>
    <property name="user.language" value="pt"/>
    <property name="awt.toolkit" value="sun.awt.windows.WToolkit"/>
    <property name="java.vm.info" value="mixed mode, sharing"/>
    <property name="java.version" value="1.6.0_22"/>
    <property name="java.ext.dirs" value="c:\Arquivos de programas\Java\jdk1.6.0_22\jre\lib\ext;C:\WINDOWS\Sun\Java\lib\ext"/>
    <property name="sun.boot.class.path" value="c:\Arquivos de programas\Java\jdk1.6.0_22\jre\lib\resources.jar;c:\Arquivos de programas\Java\jdk1.6.0_22\jre\lib\rt.jar;c:\Arquivos de programas\Java\jdk1.6.0_22\jre\lib\sunrsasign.jar;c:\Arquivos de programas\Java\jdk1.6.0_22\jre\lib\jsse.jar;c:\Arquivos de programas\Java\jdk1.6.0_22\jre\lib\jce.jar;c:\Arquivos de programas\Java\jdk1.6.0_22\jre\lib\charsets.jar;c:\Arquivos de programas\Java\jdk1.6.0_22\jre\classes"/>
    <property name="java.vendor" value="Sun Microsystems Inc."/>
    <property name="localRepository" value="C:\Documents and Settings\victor\.m2\repository"/>
    <property name="file.separator" value="\"/>
    <property name="java.vendor.url.bug" value="http://java.sun.com/cgi-bin/bugreport.cgi"/>
    <property name="sun.cpu.endian" value="little"/>
    <property name="sun.io.unicode.encoding" value="UnicodeLittle"/>
    <property name="sun.desktop" value="windows"/>
    <property name="sun.cpu.isalist" value="pentium_pro+mmx pentium_pro pentium+mmx pentium i486 i386 i86"/>
  </properties>
</testsuite>